<?xml version="1.0" encoding="UTF-8"?>
<!-- Generated by org.testng.reporters.JUnitReportReporter -->
<testsuite hostname="LTIN217789" failures="0" tests="2" name="testCases.TC_001_search_bookshelves" time="33.179" errors="0" timestamp="2024-02-15T15:33:45 IST" skipped="0">
  <testcase classname="testCases.TC_001_search_bookshelves" name="search_Bookshelves" time="4.131"/>
  <system-out/>
  <testcase classname="testCases.TC_001_search_bookshelves" name="applying_filters" time="29.048"/>
  <system-out/>
</testsuite> <!-- testCases.TC_001_search_bookshelves -->
