<?xml version="1.0" encoding="UTF-8"?>
<!-- Generated by org.testng.reporters.JUnitReportReporter -->
<testsuite hostname="LTIN217789" failures="0" tests="5" name="testCases.TC_003_Giftcards" time="33.535" errors="0" timestamp="2024-02-19T10:50:04 IST" skipped="0">
  <testcase classname="testCases.TC_003_Giftcards" name="gift_card_selection" time="11.371"/>
  <system-out/>
  <testcase classname="testCases.TC_003_Giftcards" name="set_amount_and_date" time="4.349"/>
  <system-out/>
  <testcase classname="testCases.TC_003_Giftcards" name="invalid_details" time="7.313"/>
  <system-out/>
  <testcase classname="testCases.TC_003_Giftcards" name="valid_details" time="6.610"/>
  <system-out/>
  <testcase classname="testCases.TC_003_Giftcards" name="confirm_details" time="3.892"/>
  <system-out/>
</testsuite> <!-- testCases.TC_003_Giftcards -->
