<?xml version="1.0" encoding="UTF-8"?>
<!-- Generated by org.testng.reporters.JUnitReportReporter -->
<testsuite hostname="LTIN217789" failures="0" tests="5" name="testCases.TC_003_Giftcards" time="33.430" errors="0" timestamp="2024-02-15T15:33:45 IST" skipped="0">
  <testcase classname="testCases.TC_003_Giftcards" name="gift_card_selection" time="11.483"/>
  <system-out/>
  <testcase classname="testCases.TC_003_Giftcards" name="set_amount_and_date" time="4.038"/>
  <system-out/>
  <testcase classname="testCases.TC_003_Giftcards" name="invalid_details" time="7.708"/>
  <system-out/>
  <testcase classname="testCases.TC_003_Giftcards" name="valid_details" time="6.650"/>
  <system-out/>
  <testcase classname="testCases.TC_003_Giftcards" name="confirm_details" time="3.551"/>
  <system-out/>
</testsuite> <!-- testCases.TC_003_Giftcards -->
