<?xml version="1.0" encoding="UTF-8"?>
<!-- Generated by org.testng.reporters.JUnitReportReporter -->
<testsuite hostname="LTIN217789" failures="0" tests="1" name="testCases.TC_002_Living_Submenu" time="6.783" errors="0" timestamp="2024-02-19T10:50:04 IST" skipped="0">
  <testcase classname="testCases.TC_002_Living_Submenu" name="retrieve_submenu" time="6.783"/>
  <system-out/>
</testsuite> <!-- testCases.TC_002_Living_Submenu -->
