<?xml version="1.0" encoding="UTF-8"?>
<!-- Generated by org.testng.reporters.JUnitReportReporter -->
<testsuite hostname="LTIN217789" failures="0" tests="2" name="testCases.TC_001_search_bookshelves" time="31.249" errors="0" timestamp="2024-02-19T10:50:04 IST" skipped="0">
  <testcase classname="testCases.TC_001_search_bookshelves" name="search_Bookshelves" time="3.037"/>
  <system-out/>
  <testcase classname="testCases.TC_001_search_bookshelves" name="applying_filters" time="28.212"/>
  <system-out/>
</testsuite> <!-- testCases.TC_001_search_bookshelves -->
