<?xml version="1.0" encoding="UTF-8"?>
<!-- Generated by org.testng.reporters.JUnitReportReporter -->
<testsuite hostname="LTIN217789" failures="0" tests="5" name="testCases.TC_003_Giftcards" time="37.086" errors="0" timestamp="2024-02-16T14:51:57 IST" skipped="0">
  <testcase classname="testCases.TC_003_Giftcards" name="gift_card_selection" time="13.273"/>
  <testcase classname="testCases.TC_003_Giftcards" name="set_amount_and_date" time="4.761"/>
  <testcase classname="testCases.TC_003_Giftcards" name="invalid_details" time="8.354"/>
  <testcase classname="testCases.TC_003_Giftcards" name="valid_details" time="6.749"/>
  <testcase classname="testCases.TC_003_Giftcards" name="confirm_details" time="3.949"/>
</testsuite> <!-- testCases.TC_003_Giftcards -->
