<?xml version="1.0" encoding="UTF-8"?>
<!-- Generated by org.testng.reporters.JUnitReportReporter -->
<testsuite hostname="LTIN217789" failures="0" tests="2" name="testCases.TC_001_search_bookshelves" time="36.579" errors="0" timestamp="2024-02-16T14:51:57 IST" skipped="0">
  <testcase classname="testCases.TC_001_search_bookshelves" name="search_Bookshelves" time="4.864"/>
  <testcase classname="testCases.TC_001_search_bookshelves" name="applying_filters" time="31.715"/>
</testsuite> <!-- testCases.TC_001_search_bookshelves -->
